

Microchip Technology PIC LITE Macro Assembler V1.44 build -154322312 
                                                                                               Tue Oct 03 08:20:38 2017

Microchip Technology Omniscient Code Generator v1.44 (Free mode) build 201709140600
     1                           	processor	10F200
     2                           	opt	pw 120
     3                           	opt	lm
     4                           	psect	cinit,global,class=ENTRY,merge=1,delta=2
     5                           	psect	cstackCOMMON,global,class=COMMON,space=1,delta=1
     6                           	psect	cstackBANK0,global,class=BANK0,space=1,delta=1
     7                           	psect	maintext,global,class=CODE,split=1,delta=2
     8                           	psect	text1,local,class=CODE,merge=1,delta=2
     9                           	psect	jmp_tab,global,class=ENTRY,delta=2
    10                           	psect	text2,local,class=CODE,merge=1,inline,delta=2
    11                           	psect	text3,local,class=CODE,merge=1,delta=2
    12                           	dabs	1,0x1C,4
    13  0000                     
    14                           ; Version 1.44
    15                           ; Generated 14/09/2017 GMT
    16                           ; 
    17                           ; Copyright © 2017, Microchip Technology Inc. and its subsidiaries ("Microchip")
    18                           ; All rights reserved.
    19                           ; 
    20                           ; This software is developed by Microchip Technology Inc. and its subsidiaries ("Microch
      +                          ip").
    21                           ; 
    22                           ; Redistribution and use in source and binary forms, with or without modification, are
    23                           ; permitted provided that the following conditions are met:
    24                           ; 
    25                           ;     1. Redistributions of source code must retain the above copyright notice, this lis
      +                          t of
    26                           ;        conditions and the following disclaimer.
    27                           ; 
    28                           ;     2. Redistributions in binary form must reproduce the above copyright notice, this 
      +                          list
    29                           ;        of conditions and the following disclaimer in the documentation and/or other
    30                           ;        materials provided with the distribution.
    31                           ; 
    32                           ;     3. Microchip's name may not be used to endorse or promote products derived from th
      +                          is
    33                           ;        software without specific prior written permission.
    34                           ; 
    35                           ; THIS SOFTWARE IS PROVIDED BY MICROCHIP "AS IS" AND ANY EXPRESS OR IMPLIED WARRANTIES,
    36                           ; INCLUDING, BUT NOT LIMITED TO, THE IMPLIED WARRANTIES OF MERCHANTABILITY AND FITNESS F
      +                          OR
    37                           ; PURPOSE ARE DISCLAIMED.  IN NO EVENT SHALL MICROCHIP BE LIABLE FOR ANY DIRECT, INDIREC
      +                          T,
    38                           ; INCIDENTAL, SPECIAL, EXEMPLARY, OR CONSEQUENTIAL DAMAGES (INCLUDING BUT NOT LIMITED TO
    39                           ; PROCUREMENT OF SUBSTITUTE GOODS OR SERVICES; LOSS OF USE, DATA OR PROFITS; OR BUSINESS
    40                           ; INTERRUPTION) HOWSOEVER CAUSED AND ON ANY THEORY OF LIABILITY, WHETHER IN CONTRACT, ST
      +                          RICT
    41                           ; LIABILITY, OR TORT (INCLUDING NEGLIGENCE OR OTHERWISE) ARISING IN ANY WAY OUT OF THE U
      +                          SE OF
    42                           ; THIS SOFTWARE, EVEN IF ADVISED OF THE POSSIBILITY OF SUCH DAMAGE.
    43                           ; 
    44                           ; 
    45                           ; Code-generator required, PIC10F200 Definitions
    46                           ; 
    47                           ; SFR Addresses
    48  0000                     	;# 
    49  0001                     	;# 
    50  0002                     	;# 
    51  0003                     	;# 
    52  0004                     	;# 
    53  0005                     	;# 
    54  0006                     	;# 
    55  0006                     _GPIObits	set	6
    56  0006                     _GPIO	set	6
    57  0006                     _TRISGPIO	set	6
    58                           
    59                           ; #config settings
    60  0000                     
    61                           	psect	cinit
    62  001                     start_initialization:	
    63  001                     __initialization:	
    64  001                     end_of_initialization:	
    65                           ;End of C runtime variable initialization code
    66                           
    67  001                     __end_of__initialization:	
    68  001  064                	clrf	4
    69  002  A41                	ljmp	_main	;jump to C main() function
    70                           
    71                           	psect	cstackCOMMON
    72  000                     __pcstackCOMMON:	
    73  000                     ??_init:	
    74  000                     ??_main:	
    75                           ; 1 bytes @ 0x0
    76                           
    77                           
    78                           	psect	cstackBANK0
    79  010                     __pcstackBANK0:	
    80                           ; 1 bytes @ 0x0
    81                           
    82  010                     ?_init:	
    83  010                     ?_space_free:	
    84                           ; 1 bytes @ 0x0
    85                           
    86  010                     ?_update_status:	
    87                           ; 1 bytes @ 0x0
    88                           
    89  010                     ?_main:	
    90                           ; 1 bytes @ 0x0
    91                           
    92                           
    93                           ; 1 bytes @ 0x0
    94  010                     	ds	1
    95  011                     ??_space_free:	
    96                           
    97                           ; 1 bytes @ 0x1
    98  011                     	ds	1
    99  012                     space_free@tempo:	
   100                           
   101                           ; 2 bytes @ 0x2
   102  012                     	ds	2
   103  014                     ??_update_status:	
   104                           
   105                           ; 1 bytes @ 0x4
   106  014                     	ds	1
   107                           
   108                           	psect	maintext
   109  041                     __pmaintext:	
   110 ;;
   111 ;;Main: autosize = 0, tempsize = 0, incstack = 0, save=0
   112 ;;
   113 ;; *************** function _main *****************
   114 ;; Defined at:
   115 ;;		line 72 in file "main.c"
   116 ;; Parameters:    Size  Location     Type
   117 ;;		None
   118 ;; Auto vars:     Size  Location     Type
   119 ;;		None
   120 ;; Return value:  Size  Location     Type
   121 ;;                  1   28[None  ] void 
   122 ;; Registers used:
   123 ;;		wreg, fsr0l, fsr0h, status,2, status,0, btemp+0, btemp+1, btemp+2, btemp+3, pclath, cstack
   124 ;; Tracked objects:
   125 ;;		On entry : B00/0
   126 ;;		On exit  : 0/0
   127 ;;		Unchanged: 0/0
   128 ;; Data sizes:     COMMON   BANK0
   129 ;;      Params:         0       0
   130 ;;      Locals:         0       0
   131 ;;      Temps:          0       0
   132 ;;      Totals:         0       0
   133 ;;Total ram usage:        0 bytes
   134 ;; Hardware stack levels required when called:    2
   135 ;; This function calls:
   136 ;;		_init
   137 ;;		_update_status
   138 ;; This function is called by:
   139 ;;		Startup code after reset
   140 ;; This function uses a non-reentrant model
   141 ;;
   142                           
   143                           
   144                           ;psect for function _main
   145  041                     _main:	
   146                           
   147                           ;main.c: 74: init();
   148                           
   149                           ;incstack = 0
   150                           ; Regs used in _main: [wreg-fsr0h+status,2-btemp+3+pclath+cstack]
   151  041  9FE                	fcall	entry__init
   152  042                     l29:	
   153                           ;main.c: 76: while(1){
   154                           
   155  042  004                	clrwdt	;# 
   156                           
   157                           ;main.c: 80: update_status();
   158  043  9FC                	fcall	entry__update_status
   159  044  A42                	goto	l29
   160  045                     __end_of_main:	
   161                           ;main.c: 81: }
   162                           ;main.c: 83: return;
   163                           
   164                           
   165                           	psect	text1
   166  033                     __ptext1:	
   167 ;; *************** function _update_status *****************
   168 ;; Defined at:
   169 ;;		line 55 in file "main.c"
   170 ;; Parameters:    Size  Location     Type
   171 ;;		None
   172 ;; Auto vars:     Size  Location     Type
   173 ;;		None
   174 ;; Return value:  Size  Location     Type
   175 ;;                  1   21[None  ] void 
   176 ;; Registers used:
   177 ;;		wreg, fsr0l, fsr0h, status,2, status,0, btemp+0, btemp+1, btemp+2, btemp+3, pclath, cstack
   178 ;; Tracked objects:
   179 ;;		On entry : 0/0
   180 ;;		On exit  : 0/0
   181 ;;		Unchanged: 0/0
   182 ;; Data sizes:     COMMON   BANK0
   183 ;;      Params:         0       0
   184 ;;      Locals:         0       0
   185 ;;      Temps:          0       1
   186 ;;      Totals:         0       1
   187 ;;Total ram usage:        1 bytes
   188 ;; Hardware stack levels used:    1
   189 ;; Hardware stack levels required when called:    1
   190 ;; This function calls:
   191 ;;		_space_free
   192 ;; This function is called by:
   193 ;;		_main
   194 ;; This function uses a non-reentrant model
   195 ;;
   196                           
   197                           
   198                           ;psect for function _update_status
   199  033                     _update_status:	
   200                           
   201                           ;main.c: 57: if(space_free()){
   202  033  9FD                	fcall	entry__space_free
   203  034  210                	movf	?_space_free,w
   204  035  034                	movwf	??_update_status
   205  036  214                	movf	??_update_status,w
   206  037  643                	btfsc	3,2
   207  038  A3D                	goto	l458
   208                           
   209                           ;main.c: 59: GPIObits.GP2 = 0;
   210  039  446                	bcf	6,2	;volatile
   211                           
   212                           ;main.c: 60: GPIObits.GP1 = 0;
   213  03A  426                	bcf	6,1	;volatile
   214                           
   215                           ;main.c: 61: GPIObits.GP0 = 1;
   216  03B  506                	bsf	6,0	;volatile
   217                           
   218                           ;main.c: 63: }else{
   219  03C  800                	retlw	0
   220  03D                     l458:	
   221                           
   222                           ;main.c: 65: GPIObits.GP2 = 1;
   223  03D  546                	bsf	6,2	;volatile
   224                           
   225                           ;main.c: 66: GPIObits.GP1 = 1;
   226  03E  526                	bsf	6,1	;volatile
   227                           
   228                           ;main.c: 67: GPIObits.GP0 = 0;
   229  03F  406                	bcf	6,0	;volatile
   230  040  800                	retlw	0
   231  041                     __end_of_update_status:	
   232                           
   233                           	psect	jmp_tab
   234  0FC                     __pjmp_tab:	
   235                           ;incstack = 0
   236                           ; Regs used in _update_status: [wreg-fsr0h+status,2-btemp+3+pclath+cstack]
   237                           
   238  0FC                     entry__update_status:	
   239  0FC  A33                	ljmp	_update_status
   240  0FD                     entry__space_free:	
   241                           ;incstack = 0
   242                           ; Regs used in _space_free: [wreg-fsr0h+status,2-btemp+3]
   243                           
   244  0FD  A03                	ljmp	_space_free
   245  0FE                     entry__init:	
   246                           ;incstack = 0
   247                           ; Regs used in _init: [wreg+status,2]
   248                           
   249  0FE  A45                	ljmp	_init
   250                           
   251                           	psect	text2
   252  003                     __ptext2:	
   253 ;; *************** function _space_free *****************
   254 ;; Defined at:
   255 ;;		line 41 in file "main.c"
   256 ;; Parameters:    Size  Location     Type
   257 ;;		None
   258 ;; Auto vars:     Size  Location     Type
   259 ;;  tempo           2    2[BANK0 ] short 
   260 ;; Return value:  Size  Location     Type
   261 ;;                  1    0[BANK0 ] unsigned char 
   262 ;; Registers used:
   263 ;;		wreg, fsr0l, fsr0h, status,2, status,0, btemp+0, btemp+1, btemp+2, btemp+3
   264 ;; Tracked objects:
   265 ;;		On entry : 0/0
   266 ;;		On exit  : 0/0
   267 ;;		Unchanged: 0/0
   268 ;; Data sizes:     COMMON   BANK0
   269 ;;      Params:         0       1
   270 ;;      Locals:         0       2
   271 ;;      Temps:          0       1
   272 ;;      Totals:         0       4
   273 ;;Total ram usage:        4 bytes
   274 ;; Hardware stack levels used:    1
   275 ;; This function calls:
   276 ;;		Nothing
   277 ;; This function is called by:
   278 ;;		_update_status
   279 ;; This function uses a non-reentrant model
   280 ;;
   281                           
   282                           
   283                           ;psect for function _space_free
   284  003                     _space_free:	
   285                           
   286                           ;main.c: 43: short tempo = 5000;
   287  003  C88                	movlw	136
   288  004  032                	movwf	space_free@tempo
   289  005  C13                	movlw	19
   290  006  033                	movwf	space_free@tempo+1
   291                           
   292                           ;main.c: 45: while(tempo > 0 && GPIObits.GP3 == 1) {
   293  007  A19                	goto	l442
   294  008                     l438:	
   295                           
   296                           ;main.c: 47: _delay(1000);
   297  008  CC7                	movlw	199
   298  009  031                	movwf	??_space_free
   299  00A                     u117:	
   300  00A  A0B                	nop2
   301  00B  2F1                	decfsz	??_space_free,f
   302  00C  A0A                	goto	u117
   303  00D  A0E                	nop2
   304  00E  A0F                	nop2
   305                           
   306                           ;main.c: 48: tempo--;
   307  00F  CFF                	movlw	255
   308  010  03C                	movwf	28
   309  011  CFF                	movlw	255
   310  012  03D                	movwf	29
   311  013  21C                	movf	28,w
   312  014  1F2                	addwf	space_free@tempo,f
   313  015  603                	skipnc
   314  016  2B3                	incf	space_free@tempo+1,f
   315  017  21D                	movf	29,w
   316  018  1F3                	addwf	space_free@tempo+1,f
   317  019                     l442:	
   318  019  213                	movf	space_free@tempo+1,w
   319  01A  03F                	movwf	31
   320  01B  212                	movf	space_free@tempo,w
   321  01C  03E                	movwf	30
   322  01D  21F                	movf	31,w
   323  01E  F80                	xorlw	128
   324  01F  03C                	movwf	28
   325  020  C80                	movlw	128
   326  021  09C                	subwf	28,w
   327  022  743                	skipz
   328  023  A26                	goto	u65
   329  024  C01                	movlw	1
   330  025  09E                	subwf	30,w
   331  026                     u65:	
   332  026  703                	skipc
   333  027  A2A                	goto	l446
   334  028  666                	btfsc	6,3	;volatile
   335  029  A08                	goto	l438
   336  02A                     l446:	
   337                           
   338                           ;main.c: 49: }
   339                           ;main.c: 51: return tempo==0;
   340  02A  212                	movf	space_free@tempo,w
   341  02B  113                	iorwf	space_free@tempo+1,w
   342  02C  743                	btfss	3,2
   343  02D  A30                	goto	u80
   344  02E  C01                	movlw	1
   345  02F  A31                	goto	u90
   346  030                     u80:	
   347  030  C00                	movlw	0
   348  031                     u90:	
   349  031  030                	movwf	?_space_free
   350  032  800                	retlw	0
   351  033                     __end_of_space_free:	
   352                           
   353                           	psect	text3
   354  045                     __ptext3:	
   355 ;; *************** function _init *****************
   356 ;; Defined at:
   357 ;;		line 29 in file "main.c"
   358 ;; Parameters:    Size  Location     Type
   359 ;;		None
   360 ;; Auto vars:     Size  Location     Type
   361 ;;		None
   362 ;; Return value:  Size  Location     Type
   363 ;;                  1   10[None  ] void 
   364 ;; Registers used:
   365 ;;		wreg, status,2
   366 ;; Tracked objects:
   367 ;;		On entry : 0/0
   368 ;;		On exit  : 0/0
   369 ;;		Unchanged: 0/0
   370 ;; Data sizes:     COMMON   BANK0
   371 ;;      Params:         0       0
   372 ;;      Locals:         0       0
   373 ;;      Temps:          0       0
   374 ;;      Totals:         0       0
   375 ;;Total ram usage:        0 bytes
   376 ;; Hardware stack levels used:    1
   377 ;; This function calls:
   378 ;;		Nothing
   379 ;; This function is called by:
   380 ;;		_main
   381 ;; This function uses a non-reentrant model
   382 ;;
   383                           
   384                           
   385                           ;psect for function _init
   386  045                     _init:	
   387                           
   388                           ;main.c: 31: TRISGPIO = 0b00001000;
   389  045  C08                	movlw	8
   390  046  006                	tris	6
   391                           
   392                           ;main.c: 32: GPIO = 0x00;
   393  047  066                	clrf	6	;volatile
   394  048  800                	retlw	0
   395  049                     __end_of_init:	
   396  001C                     btemp	set	28	;btemp
   397  001C                     wtemp0	set	28
   398  001E                     wtemp1	set	30
   399  001C                     ttemp0	set	28
   400  001C                     ltemp0	set	28


Data Sizes:
    Strings     0
    Constant    0
    Data        0
    BSS         0
    Persistent  0
    Stack       0

Auto Spaces:
    Space          Size  Autos    Used
    COMMON            0      0       0
    BANK0            14      5       5

Pointer List with Targets:

    None.

Critical Paths under _main in COMMON

    None.

Critical Paths under _main in BANK0

    _main->_update_status
    _update_status->_space_free

Call Graph Tables:

 ---------------------------------------------------------------------------------
 (Depth) Function   	        Calls       Base Space   Used Autos Params    Refs
 ---------------------------------------------------------------------------------
 (0) _main                                                 0     0      0      46
                               _init
                      _update_status
 ---------------------------------------------------------------------------------
 (1) _update_status                                        1     1      0      46
                                              4 BANK0      1     1      0
                         _space_free
 ---------------------------------------------------------------------------------
 (2) _space_free                                           4     3      1      46
                                              0 BANK0      4     3      1
 ---------------------------------------------------------------------------------
 (1) _init                                                 0     0      0       0
 ---------------------------------------------------------------------------------
 Estimated maximum stack depth 2
 ---------------------------------------------------------------------------------

 Call Graph Graphs:

 _main (ROOT)
   _init
   _update_status
     _space_free

 Address spaces:
Name               Size   Autos  Total    Cost      Usage
BITCOMMON            0      0       0       0        0.0%
NULL                 0      0       0       0        0.0%
CODE                 0      0       0       0        0.0%
BITSFR0              0      0       0       1        0.0%
SFR0                 0      0       0       1        0.0%
COMMON               0      0       0       1        0.0%
STACK                0      0       0       2        0.0%
BANK0                E      5       5       3       35.7%
ABS                  0      0       0       4        0.0%
DATA                 0      0       0       5        0.0%
BITBANK0             E      0       0       6        0.0%


Microchip Technology PIC Macro Assembler V1.44 build -154322312 
Symbol Table                                                                                   Tue Oct 03 08:20:38 2017

            __CFG_CP$OFF 0000                       l29 0042                       u80 0030  
                     u65 0026                       u90 0031                       fsr 0004  
          _update_status 0033                      l442 0019                      l446 002A  
                    l438 0008                      l458 003D                      u117 000A  
                   _GPIO 0006                     _main 0041                     _init 0045  
                   btemp 001C                     start 0000           ?_update_status 0010  
                  ?_main 0010                    ?_init 0010            __CFG_WDTE$OFF 0000  
                  ltemp0 001C                    ttemp0 001C                    status 0003  
                  wtemp0 001C                    wtemp1 001E           __CFG_MCLRE$OFF 0000  
        __initialization 0001             __end_of_main 0045             __end_of_init 0049  
                 ??_main 0000                   ??_init 0000      entry__update_status 00FC  
        ??_update_status 0014  __end_of__initialization 0001          space_free@tempo 0012  
         __pcstackCOMMON 0000               __pmaintext 0041                  __ptext1 0033  
                __ptext2 0003                  __ptext3 0045     end_of_initialization 0001  
             _space_free 0003    __end_of_update_status 0041      start_initialization 0001  
             entry__init 00FE              ?_space_free 0010                ___latbits 0000  
          __pcstackBANK0 0010                __pjmp_tab 00FC      __size_of_space_free 0030  
               _GPIObits 0006         entry__space_free 00FD                 _TRISGPIO 0006  
          __size_of_main 0004            __size_of_init 0004             ??_space_free 0011  
     __end_of_space_free 0033   __size_of_update_status 000E  
